<?xml version="1.0" encoding="UTF-8"?>
<testsuite name="org.gradle.webservice.TestTestTest" tests="2" failures="0" errors="0" timestamp="2014-05-08T02:14:49" hostname="Dom-PC" time="0.016">
  <properties/>
  <testcase name="testApiCompileClasspath" classname="org.gradle.webservice.TestTestTest" time="0.002"/>
  <testcase name="testClasspath" classname="org.gradle.webservice.TestTestTest" time="0.014"/>
  <system-out><![CDATA[]]></system-out>
  <system-err><![CDATA[]]></system-err>
</testsuite>
