<?xml version="1.0" encoding="UTF-8"?>
<testsuite name="org.gradle.shared.PersonTest" tests="3" failures="0" errors="0" timestamp="2014-05-08T02:14:47" hostname="Dom-PC" time="0.004">
  <properties/>
  <testcase name="testMainProperty" classname="org.gradle.shared.PersonTest" time="0.002"/>
  <testcase name="testTest" classname="org.gradle.shared.PersonTest" time="0.0"/>
  <testcase name="testTestProperty" classname="org.gradle.shared.PersonTest" time="0.001"/>
  <system-out><![CDATA[]]></system-out>
  <system-err><![CDATA[]]></system-err>
</testsuite>
